<?xml version="1.0" encoding="UTF-8"?>
<!-- Generated by org.testng.reporters.JUnitXMLReporter -->
<testsuite ignored="0" hostname="Rahuls-MacBook-Air.local" failures="0" tests="3" name="Default test" time="47.336" errors="0" timestamp="2020-06-15T10:27:44 IST">
  <testcase classname="qa.mobile.test1" name="invalidPassword" time="11.839"/>
  <testcase classname="qa.mobile.test1" name="invalidUsername" time="6.009"/>
  <testcase classname="qa.mobile.test1" name="successfulLogin" time="9.01"/>
</testsuite> <!-- Default test -->
