<?xml version="1.0" encoding="UTF-8"?>
<!-- Generated by org.testng.reporters.JUnitXMLReporter -->
<testsuite ignored="0" hostname="Rahuls-MacBook-Air.local" failures="0" tests="3" name="Test" time="28.309" errors="0" timestamp="2020-03-11T23:31:37 IST">
  <testcase classname="qa.mobile.test1" name="invalidPassword" time="5.014"/>
  <testcase classname="qa.mobile.test1" name="invalidUsername" time="2.884"/>
  <testcase classname="qa.mobile.test1" name="successfulLogin" time="5.401"/>
</testsuite> <!-- Test -->
