<?xml version="1.0" encoding="UTF-8"?>
<testng-results ignored="0" total="3" passed="3" failed="0" skipped="0">
  <reporter-output>
  </reporter-output>
  <suite started-at="2020-06-15T10:26:57 IST" name="Default suite" finished-at="2020-06-15T10:27:44 IST" duration-ms="47336">
    <groups>
    </groups>
    <test started-at="2020-06-15T10:26:57 IST" name="Default test" finished-at="2020-06-15T10:27:44 IST" duration-ms="47336">
      <class name="qa.mobile.test1">
        <test-method is-config="true" signature="beforeClass()[pri:0, instance:qa.mobile.test1@4e91d63f]" started-at="2020-06-15T10:26:57 IST" name="beforeClass" finished-at="2020-06-15T10:27:15 IST" duration-ms="18467" status="PASS">
          <reporter-output>
          </reporter-output>
        </test-method> <!-- beforeClass -->
        <test-method signature="invalidPassword()[pri:0, instance:qa.mobile.test1@4e91d63f]" started-at="2020-06-15T10:27:15 IST" name="invalidPassword" finished-at="2020-06-15T10:27:27 IST" duration-ms="11839" status="PASS">
          <reporter-output>
          </reporter-output>
        </test-method> <!-- invalidPassword -->
        <test-method signature="invalidUsername()[pri:0, instance:qa.mobile.test1@4e91d63f]" started-at="2020-06-15T10:27:27 IST" name="invalidUsername" finished-at="2020-06-15T10:27:33 IST" duration-ms="6009" status="PASS">
          <reporter-output>
          </reporter-output>
        </test-method> <!-- invalidUsername -->
        <test-method signature="successfulLogin()[pri:0, instance:qa.mobile.test1@4e91d63f]" started-at="2020-06-15T10:27:33 IST" name="successfulLogin" finished-at="2020-06-15T10:27:42 IST" duration-ms="9010" status="PASS">
          <reporter-output>
          </reporter-output>
        </test-method> <!-- successfulLogin -->
        <test-method is-config="true" signature="afterClass()[pri:0, instance:qa.mobile.test1@4e91d63f]" started-at="2020-06-15T10:27:42 IST" name="afterClass" finished-at="2020-06-15T10:27:44 IST" duration-ms="1946" status="PASS">
          <reporter-output>
          </reporter-output>
        </test-method> <!-- afterClass -->
      </class> <!-- qa.mobile.test1 -->
    </test> <!-- Default test -->
  </suite> <!-- Default suite -->
</testng-results>
